  Camera.cpp
  Mesh.cpp
  P03-318304188.cpp
E:\Documentos\ProyectosLabCGIHC\P03-318304188\P03-318304188\Window.h(12,36): warning C4244: 'return': conversión de 'GLint' a 'GLfloat'; posible pérdida de datos
E:\Documentos\ProyectosLabCGIHC\P03-318304188\P03-318304188\Window.h(13,37): warning C4244: 'return': conversión de 'GLint' a 'GLfloat'; posible pérdida de datos
E:\Documentos\ProyectosLabCGIHC\P03-318304188\P03-318304188\P03-318304188.cpp(27,37): warning C4305: 'inicializando': truncamiento de 'double' a 'float'
E:\Documentos\ProyectosLabCGIHC\P03-318304188\P03-318304188\P03-318304188.cpp(195,16): warning C4018: '<': no coinciden signed/unsigned
E:\Documentos\ProyectosLabCGIHC\P03-318304188\P03-318304188\P03-318304188.cpp(237,32): warning C4244: 'argumento': conversión de 'double' a '_Ty'; posible pérdida de datos
E:\Documentos\ProyectosLabCGIHC\P03-318304188\P03-318304188\P03-318304188.cpp(237,32): warning C4244:         with
E:\Documentos\ProyectosLabCGIHC\P03-318304188\P03-318304188\P03-318304188.cpp(237,32): warning C4244:         [
E:\Documentos\ProyectosLabCGIHC\P03-318304188\P03-318304188\P03-318304188.cpp(237,32): warning C4244:             _Ty=GLfloat
E:\Documentos\ProyectosLabCGIHC\P03-318304188\P03-318304188\P03-318304188.cpp(237,32): warning C4244:         ]
E:\Documentos\ProyectosLabCGIHC\P03-318304188\P03-318304188\P03-318304188.cpp(239,32): warning C4244: 'argumento': conversión de 'double' a '_Ty'; posible pérdida de datos
E:\Documentos\ProyectosLabCGIHC\P03-318304188\P03-318304188\P03-318304188.cpp(239,32): warning C4244:         with
E:\Documentos\ProyectosLabCGIHC\P03-318304188\P03-318304188\P03-318304188.cpp(239,32): warning C4244:         [
E:\Documentos\ProyectosLabCGIHC\P03-318304188\P03-318304188\P03-318304188.cpp(239,32): warning C4244:             _Ty=GLfloat
E:\Documentos\ProyectosLabCGIHC\P03-318304188\P03-318304188\P03-318304188.cpp(239,32): warning C4244:         ]
E:\Documentos\ProyectosLabCGIHC\P03-318304188\P03-318304188\P03-318304188.cpp(335,15): warning C4244: 'inicializando': conversión de 'double' a 'GLfloat'; posible pérdida de datos
E:\Documentos\ProyectosLabCGIHC\P03-318304188\P03-318304188\P03-318304188.cpp(337,33): warning C4244: '+=': conversión de 'double' a 'GLfloat'; posible pérdida de datos
  Shader.cpp
  Sphere.cpp
E:\Documentos\ProyectosLabCGIHC\P03-318304188\P03-318304188\Sphere.cpp(39,13): warning C4244: 'inicializando': conversión de 'double' a 'float'; posible pérdida de datos
E:\Documentos\ProyectosLabCGIHC\P03-318304188\P03-318304188\Sphere.cpp(43,16): warning C4244: 'inicializando': conversión de 'double' a 'float'; posible pérdida de datos
  Window.cpp
E:\Documentos\ProyectosLabCGIHC\P03-318304188\P03-318304188\Window.h(12,36): warning C4244: 'return': conversión de 'GLint' a 'GLfloat'; posible pérdida de datos
E:\Documentos\ProyectosLabCGIHC\P03-318304188\P03-318304188\Window.h(13,37): warning C4244: 'return': conversión de 'GLint' a 'GLfloat'; posible pérdida de datos
E:\Documentos\ProyectosLabCGIHC\P03-318304188\P03-318304188\Window.cpp(149,22): warning C4244: '=': conversión de 'double' a 'GLfloat'; posible pérdida de datos
E:\Documentos\ProyectosLabCGIHC\P03-318304188\P03-318304188\Window.cpp(150,22): warning C4244: '=': conversión de 'double' a 'GLfloat'; posible pérdida de datos
E:\Documentos\ProyectosLabCGIHC\P03-318304188\P03-318304188\Window.cpp(154,28): warning C4244: '=': conversión de 'double' a 'GLfloat'; posible pérdida de datos
E:\Documentos\ProyectosLabCGIHC\P03-318304188\P03-318304188\Window.cpp(155,40): warning C4244: '=': conversión de 'double' a 'GLfloat'; posible pérdida de datos
E:\Documentos\ProyectosLabCGIHC\P03-318304188\P03-318304188\Window.cpp(157,21): warning C4244: '=': conversión de 'double' a 'GLfloat'; posible pérdida de datos
E:\Documentos\ProyectosLabCGIHC\P03-318304188\P03-318304188\Window.cpp(158,21): warning C4244: '=': conversión de 'double' a 'GLfloat'; posible pérdida de datos
  Generando código
  Previous IPDB not found, fall back to full compilation.
E:\Documentos\ProyectosLabCGIHC\P03-318304188\P03-318304188\Window.cpp(77): warning C4715: 'Window::Initialise': no todas las rutas de acceso de control devuelven un valor
  All 602 functions were compiled because no usable IPDB/IOBJ from previous compilation was found.
  Generación de código finalizada
  P03-318304188.vcxproj -> E:\Documentos\ProyectosLabCGIHC\P03-318304188\Release\P03-318304188.exe
