  P04-318304188_B.cpp
E:\Documentos\ProyectosLabCGIHC\P04-318304188\P04-318304188\Window.h(12,36): warning C4244: 'return': conversión de 'GLint' a 'GLfloat'; posible pérdida de datos
E:\Documentos\ProyectosLabCGIHC\P04-318304188\P04-318304188\Window.h(13,37): warning C4244: 'return': conversión de 'GLint' a 'GLfloat'; posible pérdida de datos
E:\Documentos\ProyectosLabCGIHC\P04-318304188\P04-318304188\P04-318304188_B.cpp(29,37): warning C4305: 'inicializando': truncamiento de 'double' a 'float'
E:\Documentos\ProyectosLabCGIHC\P04-318304188\P04-318304188\P04-318304188_B.cpp(192,16): warning C4018: '<': no coinciden signed/unsigned
E:\Documentos\ProyectosLabCGIHC\P04-318304188\P04-318304188\P04-318304188_B.cpp(234,32): warning C4244: 'argumento': conversión de 'double' a '_Ty'; posible pérdida de datos
E:\Documentos\ProyectosLabCGIHC\P04-318304188\P04-318304188\P04-318304188_B.cpp(234,32): warning C4244:         with
E:\Documentos\ProyectosLabCGIHC\P04-318304188\P04-318304188\P04-318304188_B.cpp(234,32): warning C4244:         [
E:\Documentos\ProyectosLabCGIHC\P04-318304188\P04-318304188\P04-318304188_B.cpp(234,32): warning C4244:             _Ty=GLfloat
E:\Documentos\ProyectosLabCGIHC\P04-318304188\P04-318304188\P04-318304188_B.cpp(234,32): warning C4244:         ]
E:\Documentos\ProyectosLabCGIHC\P04-318304188\P04-318304188\P04-318304188_B.cpp(236,32): warning C4244: 'argumento': conversión de 'double' a '_Ty'; posible pérdida de datos
E:\Documentos\ProyectosLabCGIHC\P04-318304188\P04-318304188\P04-318304188_B.cpp(236,32): warning C4244:         with
E:\Documentos\ProyectosLabCGIHC\P04-318304188\P04-318304188\P04-318304188_B.cpp(236,32): warning C4244:         [
E:\Documentos\ProyectosLabCGIHC\P04-318304188\P04-318304188\P04-318304188_B.cpp(236,32): warning C4244:             _Ty=GLfloat
E:\Documentos\ProyectosLabCGIHC\P04-318304188\P04-318304188\P04-318304188_B.cpp(236,32): warning C4244:         ]
E:\Documentos\ProyectosLabCGIHC\P04-318304188\P04-318304188\P04-318304188_B.cpp(330,15): warning C4244: 'inicializando': conversión de 'double' a 'GLfloat'; posible pérdida de datos
E:\Documentos\ProyectosLabCGIHC\P04-318304188\P04-318304188\P04-318304188_B.cpp(332,33): warning C4244: '+=': conversión de 'double' a 'GLfloat'; posible pérdida de datos
  Generando código
  1 of 615 functions ( 0.2%) were compiled, the rest were copied from previous compilation.
    0 functions were new in current compilation
    0 functions had inline decision re-evaluated but remain unchanged
  Generación de código finalizada
  P04-318304188.vcxproj -> E:\Documentos\ProyectosLabCGIHC\P04-318304188\Release\P04-318304188.exe
