  Camera.cpp
  DirectionalLight.cpp
  Light.cpp
E:\Documentos\ProyectosLabCGIHC\P05-318318304188\P05-318318304188\DirectionalLight.cpp(18,14): warning C4244: 'argumento': conversión de 'GLfloat' a 'GLint'; posible pérdida de datos
E:\Documentos\ProyectosLabCGIHC\P05-318318304188\P05-318318304188\DirectionalLight.cpp(19,14): warning C4244: 'argumento': conversión de 'GLfloat' a 'GLint'; posible pérdida de datos
E:\Documentos\ProyectosLabCGIHC\P05-318318304188\P05-318318304188\DirectionalLight.cpp(21,14): warning C4244: 'argumento': conversión de 'GLfloat' a 'GLint'; posible pérdida de datos
E:\Documentos\ProyectosLabCGIHC\P05-318318304188\P05-318318304188\DirectionalLight.cpp(22,14): warning C4244: 'argumento': conversión de 'GLfloat' a 'GLint'; posible pérdida de datos
  Material.cpp
  Mesh_tn.cpp
  Model.cpp
E:\Documentos\ProyectosLabCGIHC\P05-318318304188\P05-318318304188\Model.cpp(16,10): warning C4477: 'printf' : la cadena de formato '%s' requiere un argumento de tipo 'char *', pero el argumento variádico 1 tiene el tipo 'const std::string'
E:\Documentos\ProyectosLabCGIHC\P05-318318304188\P05-318318304188\Model.cpp(16,80): warning C4474: "printf": se pasaron demasiados argumentos para la cadena de formato
  PointLight.cpp
E:\Documentos\ProyectosLabCGIHC\P05-318318304188\P05-318318304188\PointLight.cpp(28,14): warning C4244: 'argumento': conversión de 'GLfloat' a 'GLint'; posible pérdida de datos
E:\Documentos\ProyectosLabCGIHC\P05-318318304188\P05-318318304188\PointLight.cpp(29,14): warning C4244: 'argumento': conversión de 'GLfloat' a 'GLint'; posible pérdida de datos
E:\Documentos\ProyectosLabCGIHC\P05-318318304188\P05-318318304188\PointLight.cpp(30,14): warning C4244: 'argumento': conversión de 'GLfloat' a 'GLint'; posible pérdida de datos
E:\Documentos\ProyectosLabCGIHC\P05-318318304188\P05-318318304188\PointLight.cpp(32,14): warning C4244: 'argumento': conversión de 'GLfloat' a 'GLint'; posible pérdida de datos
E:\Documentos\ProyectosLabCGIHC\P05-318318304188\P05-318318304188\PointLight.cpp(33,14): warning C4244: 'argumento': conversión de 'GLfloat' a 'GLint'; posible pérdida de datos
E:\Documentos\ProyectosLabCGIHC\P05-318318304188\P05-318318304188\PointLight.cpp(34,14): warning C4244: 'argumento': conversión de 'GLfloat' a 'GLint'; posible pérdida de datos
E:\Documentos\ProyectosLabCGIHC\P05-318318304188\P05-318318304188\PointLight.cpp(35,14): warning C4244: 'argumento': conversión de 'GLfloat' a 'GLint'; posible pérdida de datos
  practica5.cpp
E:\Documentos\ProyectosLabCGIHC\P05-318318304188\P05-318318304188\Window.h(12,36): warning C4244: 'return': conversión de 'GLint' a 'GLfloat'; posible pérdida de datos
E:\Documentos\ProyectosLabCGIHC\P05-318318304188\P05-318318304188\Window.h(13,37): warning C4244: 'return': conversión de 'GLint' a 'GLfloat'; posible pérdida de datos
E:\Documentos\ProyectosLabCGIHC\P05-318318304188\P05-318318304188\practica5.cpp(148,15): warning C4244: 'inicializando': conversión de 'double' a 'GLfloat'; posible pérdida de datos
E:\Documentos\ProyectosLabCGIHC\P05-318318304188\P05-318318304188\practica5.cpp(150,33): warning C4244: '+=': conversión de 'double' a 'GLfloat'; posible pérdida de datos
  Shader_m.cpp
  Skybox.cpp
  Sphere.cpp
E:\Documentos\ProyectosLabCGIHC\P05-318318304188\P05-318318304188\Sphere.cpp(39,13): warning C4244: 'inicializando': conversión de 'double' a 'float'; posible pérdida de datos
E:\Documentos\ProyectosLabCGIHC\P05-318318304188\P05-318318304188\Sphere.cpp(43,16): warning C4244: 'inicializando': conversión de 'double' a 'float'; posible pérdida de datos
  SpotLight.cpp
  Window.cpp
E:\Documentos\ProyectosLabCGIHC\P05-318318304188\P05-318318304188\Window.h(12,36): warning C4244: 'return': conversión de 'GLint' a 'GLfloat'; posible pérdida de datos
E:\Documentos\ProyectosLabCGIHC\P05-318318304188\P05-318318304188\Window.h(13,37): warning C4244: 'return': conversión de 'GLint' a 'GLfloat'; posible pérdida de datos
E:\Documentos\ProyectosLabCGIHC\P05-318318304188\P05-318318304188\Window.cpp(205,22): warning C4244: '=': conversión de 'double' a 'GLfloat'; posible pérdida de datos
E:\Documentos\ProyectosLabCGIHC\P05-318318304188\P05-318318304188\Window.cpp(206,22): warning C4244: '=': conversión de 'double' a 'GLfloat'; posible pérdida de datos
E:\Documentos\ProyectosLabCGIHC\P05-318318304188\P05-318318304188\Window.cpp(210,28): warning C4244: '=': conversión de 'double' a 'GLfloat'; posible pérdida de datos
E:\Documentos\ProyectosLabCGIHC\P05-318318304188\P05-318318304188\Window.cpp(211,40): warning C4244: '=': conversión de 'double' a 'GLfloat'; posible pérdida de datos
E:\Documentos\ProyectosLabCGIHC\P05-318318304188\P05-318318304188\Window.cpp(213,21): warning C4244: '=': conversión de 'double' a 'GLfloat'; posible pérdida de datos
E:\Documentos\ProyectosLabCGIHC\P05-318318304188\P05-318318304188\Window.cpp(214,21): warning C4244: '=': conversión de 'double' a 'GLfloat'; posible pérdida de datos
  Generando código...
E:\Documentos\ProyectosLabCGIHC\P05-318318304188\P05-318318304188\Window.cpp(90,1): warning C4715: 'Window::Initialise': no todas las rutas de acceso de control devuelven un valor
LINK : warning LNK4098: la biblioteca predeterminada'MSVCRT' entra en conflicto con otras bibliotecas; use la biblioteca /NODEFAULTLIB:biblioteca
  P05-318318304188.vcxproj -> E:\Documentos\ProyectosLabCGIHC\P05-318318304188\Debug\P05-318318304188.exe
