  Camera.cpp
  DirectionalLight.cpp
  Light.cpp
E:\Documentos\ProyectosLabCGIHC\P10-318304188\P10-318304188\DirectionalLight.cpp(18,14): warning C4244: 'argumento': conversión de 'GLfloat' a 'GLint'; posible pérdida de datos
E:\Documentos\ProyectosLabCGIHC\P10-318304188\P10-318304188\DirectionalLight.cpp(19,14): warning C4244: 'argumento': conversión de 'GLfloat' a 'GLint'; posible pérdida de datos
E:\Documentos\ProyectosLabCGIHC\P10-318304188\P10-318304188\DirectionalLight.cpp(21,14): warning C4244: 'argumento': conversión de 'GLfloat' a 'GLint'; posible pérdida de datos
E:\Documentos\ProyectosLabCGIHC\P10-318304188\P10-318304188\DirectionalLight.cpp(22,14): warning C4244: 'argumento': conversión de 'GLfloat' a 'GLint'; posible pérdida de datos
  Material.cpp
  Mesh_tn.cpp
  Model.cpp
E:\Documentos\ProyectosLabCGIHC\P10-318304188\P10-318304188\Model.cpp(16,10): warning C4477: 'printf' : la cadena de formato '%s' requiere un argumento de tipo 'char *', pero el argumento variádico 1 tiene el tipo 'const std::string'
E:\Documentos\ProyectosLabCGIHC\P10-318304188\P10-318304188\Model.cpp(16,80): warning C4474: "printf": se pasaron demasiados argumentos para la cadena de formato
E:\Documentos\ProyectosLabCGIHC\P10-318304188\P10-318304188\Model.cpp(51,7): warning C4804: '<': uso no seguro del tipo 'bool' en la operación
E:\Documentos\ProyectosLabCGIHC\P10-318304188\P10-318304188\Model.cpp(51,21): warning C4018: '<': no coinciden signed/unsigned
E:\Documentos\ProyectosLabCGIHC\P10-318304188\P10-318304188\Model.cpp(138,14): warning C4477: 'printf' : la cadena de formato '%s' requiere un argumento de tipo 'char *', pero el argumento variádico 1 tiene el tipo 'std::string'
E:\Documentos\ProyectosLabCGIHC\P10-318304188\P10-318304188\Model.cpp(147,14): warning C4477: 'printf' : la cadena de formato '%s' requiere un argumento de tipo 'char *', pero el argumento variádico 1 tiene el tipo 'std::string'
  PointLight.cpp
E:\Documentos\ProyectosLabCGIHC\P10-318304188\P10-318304188\PointLight.cpp(28,14): warning C4244: 'argumento': conversión de 'GLfloat' a 'GLint'; posible pérdida de datos
E:\Documentos\ProyectosLabCGIHC\P10-318304188\P10-318304188\PointLight.cpp(29,14): warning C4244: 'argumento': conversión de 'GLfloat' a 'GLint'; posible pérdida de datos
E:\Documentos\ProyectosLabCGIHC\P10-318304188\P10-318304188\PointLight.cpp(30,14): warning C4244: 'argumento': conversión de 'GLfloat' a 'GLint'; posible pérdida de datos
E:\Documentos\ProyectosLabCGIHC\P10-318304188\P10-318304188\PointLight.cpp(32,14): warning C4244: 'argumento': conversión de 'GLfloat' a 'GLint'; posible pérdida de datos
E:\Documentos\ProyectosLabCGIHC\P10-318304188\P10-318304188\PointLight.cpp(33,14): warning C4244: 'argumento': conversión de 'GLfloat' a 'GLint'; posible pérdida de datos
E:\Documentos\ProyectosLabCGIHC\P10-318304188\P10-318304188\PointLight.cpp(34,14): warning C4244: 'argumento': conversión de 'GLfloat' a 'GLint'; posible pérdida de datos
E:\Documentos\ProyectosLabCGIHC\P10-318304188\P10-318304188\PointLight.cpp(35,14): warning C4244: 'argumento': conversión de 'GLfloat' a 'GLint'; posible pérdida de datos
  P10-318304188.cpp
E:\Documentos\ProyectosLabCGIHC\P10-318304188\P10-318304188\Window.h(12,36): warning C4244: 'return': conversión de 'GLint' a 'GLfloat'; posible pérdida de datos
E:\Documentos\ProyectosLabCGIHC\P10-318304188\P10-318304188\Window.h(13,37): warning C4244: 'return': conversión de 'GLint' a 'GLfloat'; posible pérdida de datos
E:\Documentos\ProyectosLabCGIHC\P10-318304188\P10-318304188\P10-318304188.cpp(701,23): warning C4305: 'inicializando': truncamiento de 'double' a 'GLfloat'
E:\Documentos\ProyectosLabCGIHC\P10-318304188\P10-318304188\P10-318304188.cpp(1687,15): warning C4244: 'inicializando': conversión de 'double' a 'GLfloat'; posible pérdida de datos
E:\Documentos\ProyectosLabCGIHC\P10-318304188\P10-318304188\P10-318304188.cpp(1689,33): warning C4244: '+=': conversión de 'double' a 'GLfloat'; posible pérdida de datos
E:\Documentos\ProyectosLabCGIHC\P10-318304188\P10-318304188\P10-318304188.cpp(2026,37): warning C4244: '=': conversión de 'double' a 'float'; posible pérdida de datos
E:\Documentos\ProyectosLabCGIHC\P10-318304188\P10-318304188\P10-318304188.cpp(2028,39): warning C4244: '=': conversión de 'double' a 'float'; posible pérdida de datos
E:\Documentos\ProyectosLabCGIHC\P10-318304188\P10-318304188\P10-318304188.cpp(2049,37): warning C4244: '=': conversión de 'double' a 'float'; posible pérdida de datos
E:\Documentos\ProyectosLabCGIHC\P10-318304188\P10-318304188\P10-318304188.cpp(2051,39): warning C4244: '=': conversión de 'double' a 'float'; posible pérdida de datos
E:\Documentos\ProyectosLabCGIHC\P10-318304188\P10-318304188\P10-318304188.cpp(2073,37): warning C4244: '=': conversión de 'double' a 'float'; posible pérdida de datos
E:\Documentos\ProyectosLabCGIHC\P10-318304188\P10-318304188\P10-318304188.cpp(2075,39): warning C4244: '=': conversión de 'double' a 'float'; posible pérdida de datos
E:\Documentos\ProyectosLabCGIHC\P10-318304188\P10-318304188\P10-318304188.cpp(2096,37): warning C4244: '=': conversión de 'double' a 'float'; posible pérdida de datos
E:\Documentos\ProyectosLabCGIHC\P10-318304188\P10-318304188\P10-318304188.cpp(2098,39): warning C4244: '=': conversión de 'double' a 'float'; posible pérdida de datos
E:\Documentos\ProyectosLabCGIHC\P10-318304188\P10-318304188\P10-318304188.cpp(2118,37): warning C4244: '=': conversión de 'double' a 'float'; posible pérdida de datos
E:\Documentos\ProyectosLabCGIHC\P10-318304188\P10-318304188\P10-318304188.cpp(2120,39): warning C4244: '=': conversión de 'double' a 'float'; posible pérdida de datos
E:\Documentos\ProyectosLabCGIHC\P10-318304188\P10-318304188\P10-318304188.cpp(2141,37): warning C4244: '=': conversión de 'double' a 'float'; posible pérdida de datos
E:\Documentos\ProyectosLabCGIHC\P10-318304188\P10-318304188\P10-318304188.cpp(2143,39): warning C4244: '=': conversión de 'double' a 'float'; posible pérdida de datos
E:\Documentos\ProyectosLabCGIHC\P10-318304188\P10-318304188\P10-318304188.cpp(2164,37): warning C4244: '=': conversión de 'double' a 'float'; posible pérdida de datos
E:\Documentos\ProyectosLabCGIHC\P10-318304188\P10-318304188\P10-318304188.cpp(2166,39): warning C4244: '=': conversión de 'double' a 'float'; posible pérdida de datos
E:\Documentos\ProyectosLabCGIHC\P10-318304188\P10-318304188\P10-318304188.cpp(2187,37): warning C4244: '=': conversión de 'double' a 'float'; posible pérdida de datos
E:\Documentos\ProyectosLabCGIHC\P10-318304188\P10-318304188\P10-318304188.cpp(2189,39): warning C4244: '=': conversión de 'double' a 'float'; posible pérdida de datos
E:\Documentos\ProyectosLabCGIHC\P10-318304188\P10-318304188\P10-318304188.cpp(2210,37): warning C4244: '=': conversión de 'double' a 'float'; posible pérdida de datos
E:\Documentos\ProyectosLabCGIHC\P10-318304188\P10-318304188\P10-318304188.cpp(2212,39): warning C4244: '=': conversión de 'double' a 'float'; posible pérdida de datos
E:\Documentos\ProyectosLabCGIHC\P10-318304188\P10-318304188\P10-318304188.cpp(2233,37): warning C4244: '=': conversión de 'double' a 'float'; posible pérdida de datos
E:\Documentos\ProyectosLabCGIHC\P10-318304188\P10-318304188\P10-318304188.cpp(2235,39): warning C4244: '=': conversión de 'double' a 'float'; posible pérdida de datos
E:\Documentos\ProyectosLabCGIHC\P10-318304188\P10-318304188\P10-318304188.cpp(2256,37): warning C4244: '=': conversión de 'double' a 'float'; posible pérdida de datos
E:\Documentos\ProyectosLabCGIHC\P10-318304188\P10-318304188\P10-318304188.cpp(2258,39): warning C4244: '=': conversión de 'double' a 'float'; posible pérdida de datos
E:\Documentos\ProyectosLabCGIHC\P10-318304188\P10-318304188\P10-318304188.cpp(2279,37): warning C4244: '=': conversión de 'double' a 'float'; posible pérdida de datos
E:\Documentos\ProyectosLabCGIHC\P10-318304188\P10-318304188\P10-318304188.cpp(2281,39): warning C4244: '=': conversión de 'double' a 'float'; posible pérdida de datos
E:\Documentos\ProyectosLabCGIHC\P10-318304188\P10-318304188\P10-318304188.cpp(2302,37): warning C4244: '=': conversión de 'double' a 'float'; posible pérdida de datos
E:\Documentos\ProyectosLabCGIHC\P10-318304188\P10-318304188\P10-318304188.cpp(2304,39): warning C4244: '=': conversión de 'double' a 'float'; posible pérdida de datos
E:\Documentos\ProyectosLabCGIHC\P10-318304188\P10-318304188\P10-318304188.cpp(2325,37): warning C4244: '=': conversión de 'double' a 'float'; posible pérdida de datos
E:\Documentos\ProyectosLabCGIHC\P10-318304188\P10-318304188\P10-318304188.cpp(2327,39): warning C4244: '=': conversión de 'double' a 'float'; posible pérdida de datos
E:\Documentos\ProyectosLabCGIHC\P10-318304188\P10-318304188\P10-318304188.cpp(2348,37): warning C4244: '=': conversión de 'double' a 'float'; posible pérdida de datos
E:\Documentos\ProyectosLabCGIHC\P10-318304188\P10-318304188\P10-318304188.cpp(2350,39): warning C4244: '=': conversión de 'double' a 'float'; posible pérdida de datos
E:\Documentos\ProyectosLabCGIHC\P10-318304188\P10-318304188\P10-318304188.cpp(2371,37): warning C4244: '=': conversión de 'double' a 'float'; posible pérdida de datos
E:\Documentos\ProyectosLabCGIHC\P10-318304188\P10-318304188\P10-318304188.cpp(2373,39): warning C4244: '=': conversión de 'double' a 'float'; posible pérdida de datos
E:\Documentos\ProyectosLabCGIHC\P10-318304188\P10-318304188\P10-318304188.cpp(2394,37): warning C4244: '=': conversión de 'double' a 'float'; posible pérdida de datos
E:\Documentos\ProyectosLabCGIHC\P10-318304188\P10-318304188\P10-318304188.cpp(2396,39): warning C4244: '=': conversión de 'double' a 'float'; posible pérdida de datos
E:\Documentos\ProyectosLabCGIHC\P10-318304188\P10-318304188\P10-318304188.cpp(2417,37): warning C4244: '=': conversión de 'double' a 'float'; posible pérdida de datos
E:\Documentos\ProyectosLabCGIHC\P10-318304188\P10-318304188\P10-318304188.cpp(2419,39): warning C4244: '=': conversión de 'double' a 'float'; posible pérdida de datos
E:\Documentos\ProyectosLabCGIHC\P10-318304188\P10-318304188\P10-318304188.cpp(2440,37): warning C4244: '=': conversión de 'double' a 'float'; posible pérdida de datos
E:\Documentos\ProyectosLabCGIHC\P10-318304188\P10-318304188\P10-318304188.cpp(2442,39): warning C4244: '=': conversión de 'double' a 'float'; posible pérdida de datos
E:\Documentos\ProyectosLabCGIHC\P10-318304188\P10-318304188\P10-318304188.cpp(2463,37): warning C4244: '=': conversión de 'double' a 'float'; posible pérdida de datos
E:\Documentos\ProyectosLabCGIHC\P10-318304188\P10-318304188\P10-318304188.cpp(2465,39): warning C4244: '=': conversión de 'double' a 'float'; posible pérdida de datos
E:\Documentos\ProyectosLabCGIHC\P10-318304188\P10-318304188\P10-318304188.cpp(2485,37): warning C4244: '=': conversión de 'double' a 'float'; posible pérdida de datos
E:\Documentos\ProyectosLabCGIHC\P10-318304188\P10-318304188\P10-318304188.cpp(2487,39): warning C4244: '=': conversión de 'double' a 'float'; posible pérdida de datos
E:\Documentos\ProyectosLabCGIHC\P10-318304188\P10-318304188\P10-318304188.cpp(2507,37): warning C4244: '=': conversión de 'double' a 'float'; posible pérdida de datos
E:\Documentos\ProyectosLabCGIHC\P10-318304188\P10-318304188\P10-318304188.cpp(2509,39): warning C4244: '=': conversión de 'double' a 'float'; posible pérdida de datos
E:\Documentos\ProyectosLabCGIHC\P10-318304188\P10-318304188\P10-318304188.cpp(2529,37): warning C4244: '=': conversión de 'double' a 'float'; posible pérdida de datos
E:\Documentos\ProyectosLabCGIHC\P10-318304188\P10-318304188\P10-318304188.cpp(2531,39): warning C4244: '=': conversión de 'double' a 'float'; posible pérdida de datos
E:\Documentos\ProyectosLabCGIHC\P10-318304188\P10-318304188\P10-318304188.cpp(2551,37): warning C4244: '=': conversión de 'double' a 'float'; posible pérdida de datos
E:\Documentos\ProyectosLabCGIHC\P10-318304188\P10-318304188\P10-318304188.cpp(2553,39): warning C4244: '=': conversión de 'double' a 'float'; posible pérdida de datos
E:\Documentos\ProyectosLabCGIHC\P10-318304188\P10-318304188\P10-318304188.cpp(2573,37): warning C4244: '=': conversión de 'double' a 'float'; posible pérdida de datos
E:\Documentos\ProyectosLabCGIHC\P10-318304188\P10-318304188\P10-318304188.cpp(2575,39): warning C4244: '=': conversión de 'double' a 'float'; posible pérdida de datos
E:\Documentos\ProyectosLabCGIHC\P10-318304188\P10-318304188\P10-318304188.cpp(2595,37): warning C4244: '=': conversión de 'double' a 'float'; posible pérdida de datos
E:\Documentos\ProyectosLabCGIHC\P10-318304188\P10-318304188\P10-318304188.cpp(2597,39): warning C4244: '=': conversión de 'double' a 'float'; posible pérdida de datos
E:\Documentos\ProyectosLabCGIHC\P10-318304188\P10-318304188\P10-318304188.cpp(2617,37): warning C4244: '=': conversión de 'double' a 'float'; posible pérdida de datos
E:\Documentos\ProyectosLabCGIHC\P10-318304188\P10-318304188\P10-318304188.cpp(2619,39): warning C4244: '=': conversión de 'double' a 'float'; posible pérdida de datos
E:\Documentos\ProyectosLabCGIHC\P10-318304188\P10-318304188\P10-318304188.cpp(2639,37): warning C4244: '=': conversión de 'double' a 'float'; posible pérdida de datos
E:\Documentos\ProyectosLabCGIHC\P10-318304188\P10-318304188\P10-318304188.cpp(2641,39): warning C4244: '=': conversión de 'double' a 'float'; posible pérdida de datos
E:\Documentos\ProyectosLabCGIHC\P10-318304188\P10-318304188\P10-318304188.cpp(2661,37): warning C4244: '=': conversión de 'double' a 'float'; posible pérdida de datos
E:\Documentos\ProyectosLabCGIHC\P10-318304188\P10-318304188\P10-318304188.cpp(2663,39): warning C4244: '=': conversión de 'double' a 'float'; posible pérdida de datos
E:\Documentos\ProyectosLabCGIHC\P10-318304188\P10-318304188\P10-318304188.cpp(2683,37): warning C4244: '=': conversión de 'double' a 'float'; posible pérdida de datos
E:\Documentos\ProyectosLabCGIHC\P10-318304188\P10-318304188\P10-318304188.cpp(2685,39): warning C4244: '=': conversión de 'double' a 'float'; posible pérdida de datos
E:\Documentos\ProyectosLabCGIHC\P10-318304188\P10-318304188\P10-318304188.cpp(2705,37): warning C4244: '=': conversión de 'double' a 'float'; posible pérdida de datos
E:\Documentos\ProyectosLabCGIHC\P10-318304188\P10-318304188\P10-318304188.cpp(2707,39): warning C4244: '=': conversión de 'double' a 'float'; posible pérdida de datos
E:\Documentos\ProyectosLabCGIHC\P10-318304188\P10-318304188\P10-318304188.cpp(2727,37): warning C4244: '=': conversión de 'double' a 'float'; posible pérdida de datos
E:\Documentos\ProyectosLabCGIHC\P10-318304188\P10-318304188\P10-318304188.cpp(2729,39): warning C4244: '=': conversión de 'double' a 'float'; posible pérdida de datos
E:\Documentos\ProyectosLabCGIHC\P10-318304188\P10-318304188\P10-318304188.cpp(2749,37): warning C4244: '=': conversión de 'double' a 'float'; posible pérdida de datos
E:\Documentos\ProyectosLabCGIHC\P10-318304188\P10-318304188\P10-318304188.cpp(2751,39): warning C4244: '=': conversión de 'double' a 'float'; posible pérdida de datos
E:\Documentos\ProyectosLabCGIHC\P10-318304188\P10-318304188\P10-318304188.cpp(2771,37): warning C4244: '=': conversión de 'double' a 'float'; posible pérdida de datos
E:\Documentos\ProyectosLabCGIHC\P10-318304188\P10-318304188\P10-318304188.cpp(2773,39): warning C4244: '=': conversión de 'double' a 'float'; posible pérdida de datos
E:\Documentos\ProyectosLabCGIHC\P10-318304188\P10-318304188\P10-318304188.cpp(2793,37): warning C4244: '=': conversión de 'double' a 'float'; posible pérdida de datos
E:\Documentos\ProyectosLabCGIHC\P10-318304188\P10-318304188\P10-318304188.cpp(2795,39): warning C4244: '=': conversión de 'double' a 'float'; posible pérdida de datos
E:\Documentos\ProyectosLabCGIHC\P10-318304188\P10-318304188\P10-318304188.cpp(2815,37): warning C4244: '=': conversión de 'double' a 'float'; posible pérdida de datos
E:\Documentos\ProyectosLabCGIHC\P10-318304188\P10-318304188\P10-318304188.cpp(2817,39): warning C4244: '=': conversión de 'double' a 'float'; posible pérdida de datos
E:\Documentos\ProyectosLabCGIHC\P10-318304188\P10-318304188\P10-318304188.cpp(2837,37): warning C4244: '=': conversión de 'double' a 'float'; posible pérdida de datos
E:\Documentos\ProyectosLabCGIHC\P10-318304188\P10-318304188\P10-318304188.cpp(2839,39): warning C4244: '=': conversión de 'double' a 'float'; posible pérdida de datos
E:\Documentos\ProyectosLabCGIHC\P10-318304188\P10-318304188\P10-318304188.cpp(2859,37): warning C4244: '=': conversión de 'double' a 'float'; posible pérdida de datos
E:\Documentos\ProyectosLabCGIHC\P10-318304188\P10-318304188\P10-318304188.cpp(2861,39): warning C4244: '=': conversión de 'double' a 'float'; posible pérdida de datos
E:\Documentos\ProyectosLabCGIHC\P10-318304188\P10-318304188\P10-318304188.cpp(2881,37): warning C4244: '=': conversión de 'double' a 'float'; posible pérdida de datos
E:\Documentos\ProyectosLabCGIHC\P10-318304188\P10-318304188\P10-318304188.cpp(2883,39): warning C4244: '=': conversión de 'double' a 'float'; posible pérdida de datos
E:\Documentos\ProyectosLabCGIHC\P10-318304188\P10-318304188\P10-318304188.cpp(2903,37): warning C4244: '=': conversión de 'double' a 'float'; posible pérdida de datos
E:\Documentos\ProyectosLabCGIHC\P10-318304188\P10-318304188\P10-318304188.cpp(2905,39): warning C4244: '=': conversión de 'double' a 'float'; posible pérdida de datos
E:\Documentos\ProyectosLabCGIHC\P10-318304188\P10-318304188\P10-318304188.cpp(3923,39): warning C4805: '==': combinación no segura del tipo 'GLboolean' y el tipo 'bool' en la operación
E:\Documentos\ProyectosLabCGIHC\P10-318304188\P10-318304188\P10-318304188.cpp(3927,12): warning C4244: '=': conversión de 'float' a 'int'; posible pérdida de datos
E:\Documentos\ProyectosLabCGIHC\P10-318304188\P10-318304188\P10-318304188.cpp(3928,12): warning C4244: '=': conversión de 'float' a 'int'; posible pérdida de datos
E:\Documentos\ProyectosLabCGIHC\P10-318304188\P10-318304188\P10-318304188.cpp(3929,13): warning C4244: '=': conversión de 'float' a 'int'; posible pérdida de datos
E:\Documentos\ProyectosLabCGIHC\P10-318304188\P10-318304188\P10-318304188.cpp(3930,13): warning C4244: '=': conversión de 'float' a 'int'; posible pérdida de datos
E:\Documentos\ProyectosLabCGIHC\P10-318304188\P10-318304188\P10-318304188.cpp(3945,25): warning C4244: '=': conversión de 'int' a 'float'; posible pérdida de datos
E:\Documentos\ProyectosLabCGIHC\P10-318304188\P10-318304188\P10-318304188.cpp(3946,20): warning C4244: '+=': conversión de 'float' a 'int'; posible pérdida de datos
E:\Documentos\ProyectosLabCGIHC\P10-318304188\P10-318304188\P10-318304188.cpp(3959,21): warning C4244: '=': conversión de 'float' a 'int'; posible pérdida de datos
E:\Documentos\ProyectosLabCGIHC\P10-318304188\P10-318304188\P10-318304188.cpp(3960,21): warning C4244: '=': conversión de 'float' a 'int'; posible pérdida de datos
E:\Documentos\ProyectosLabCGIHC\P10-318304188\P10-318304188\P10-318304188.cpp(3961,21): warning C4244: '=': conversión de 'float' a 'int'; posible pérdida de datos
E:\Documentos\ProyectosLabCGIHC\P10-318304188\P10-318304188\P10-318304188.cpp(3962,23): warning C4244: '=': conversión de 'float' a 'int'; posible pérdida de datos
E:\Documentos\ProyectosLabCGIHC\P10-318304188\P10-318304188\P10-318304188.cpp(3963,23): warning C4244: '=': conversión de 'float' a 'int'; posible pérdida de datos
E:\Documentos\ProyectosLabCGIHC\P10-318304188\P10-318304188\P10-318304188.cpp(3964,23): warning C4244: '=': conversión de 'float' a 'int'; posible pérdida de datos
E:\Documentos\ProyectosLabCGIHC\P10-318304188\P10-318304188\P10-318304188.cpp(3971,44): warning C4805: '==': combinación no segura del tipo 'GLboolean' y el tipo 'bool' en la operación
E:\Documentos\ProyectosLabCGIHC\P10-318304188\P10-318304188\P10-318304188.cpp(4314,13): warning C4244: 'argumento': conversión de 'time_t' a 'unsigned int'; posible pérdida de datos
  Shader_light.cpp
E:\Documentos\ProyectosLabCGIHC\P10-318304188\P10-318304188\Shader_light.cpp(215,75): warning C4244: 'argumento': conversión de 'GLuint' a 'GLfloat'; posible pérdida de datos
E:\Documentos\ProyectosLabCGIHC\P10-318304188\P10-318304188\Shader_light.cpp(215,26): warning C4244: 'argumento': conversión de 'GLuint' a 'GLfloat'; posible pérdida de datos
E:\Documentos\ProyectosLabCGIHC\P10-318304188\P10-318304188\Shader_light.cpp(214,91): warning C4244: 'argumento': conversión de 'GLuint' a 'GLfloat'; posible pérdida de datos
E:\Documentos\ProyectosLabCGIHC\P10-318304188\P10-318304188\Shader_light.cpp(214,42): warning C4244: 'argumento': conversión de 'GLuint' a 'GLfloat'; posible pérdida de datos
E:\Documentos\ProyectosLabCGIHC\P10-318304188\P10-318304188\Shader_light.cpp(228,98): warning C4244: 'argumento': conversión de 'GLuint' a 'GLfloat'; posible pérdida de datos
E:\Documentos\ProyectosLabCGIHC\P10-318304188\P10-318304188\Shader_light.cpp(228,62): warning C4244: 'argumento': conversión de 'GLuint' a 'GLfloat'; posible pérdida de datos
E:\Documentos\ProyectosLabCGIHC\P10-318304188\P10-318304188\Shader_light.cpp(228,24): warning C4244: 'argumento': conversión de 'GLuint' a 'GLfloat'; posible pérdida de datos
E:\Documentos\ProyectosLabCGIHC\P10-318304188\P10-318304188\Shader_light.cpp(227,70): warning C4244: 'argumento': conversión de 'GLuint' a 'GLfloat'; posible pérdida de datos
E:\Documentos\ProyectosLabCGIHC\P10-318304188\P10-318304188\Shader_light.cpp(227,24): warning C4244: 'argumento': conversión de 'GLuint' a 'GLfloat'; posible pérdida de datos
E:\Documentos\ProyectosLabCGIHC\P10-318304188\P10-318304188\Shader_light.cpp(226,88): warning C4244: 'argumento': conversión de 'GLuint' a 'GLfloat'; posible pérdida de datos
E:\Documentos\ProyectosLabCGIHC\P10-318304188\P10-318304188\Shader_light.cpp(226,42): warning C4244: 'argumento': conversión de 'GLuint' a 'GLfloat'; posible pérdida de datos
  Skybox.cpp
  Sphere.cpp
E:\Documentos\ProyectosLabCGIHC\P10-318304188\P10-318304188\Sphere.cpp(39,13): warning C4244: 'inicializando': conversión de 'double' a 'float'; posible pérdida de datos
E:\Documentos\ProyectosLabCGIHC\P10-318304188\P10-318304188\Sphere.cpp(43,16): warning C4244: 'inicializando': conversión de 'double' a 'float'; posible pérdida de datos
  SpotLight.cpp
  Texture.cpp
  Window.cpp
E:\Documentos\ProyectosLabCGIHC\P10-318304188\P10-318304188\Window.h(12,36): warning C4244: 'return': conversión de 'GLint' a 'GLfloat'; posible pérdida de datos
E:\Documentos\ProyectosLabCGIHC\P10-318304188\P10-318304188\Window.h(13,37): warning C4244: 'return': conversión de 'GLint' a 'GLfloat'; posible pérdida de datos
E:\Documentos\ProyectosLabCGIHC\P10-318304188\P10-318304188\Window.cpp(376,22): warning C4244: '=': conversión de 'double' a 'GLfloat'; posible pérdida de datos
E:\Documentos\ProyectosLabCGIHC\P10-318304188\P10-318304188\Window.cpp(377,22): warning C4244: '=': conversión de 'double' a 'GLfloat'; posible pérdida de datos
E:\Documentos\ProyectosLabCGIHC\P10-318304188\P10-318304188\Window.cpp(381,28): warning C4244: '=': conversión de 'double' a 'GLfloat'; posible pérdida de datos
E:\Documentos\ProyectosLabCGIHC\P10-318304188\P10-318304188\Window.cpp(382,40): warning C4244: '=': conversión de 'double' a 'GLfloat'; posible pérdida de datos
E:\Documentos\ProyectosLabCGIHC\P10-318304188\P10-318304188\Window.cpp(384,21): warning C4244: '=': conversión de 'double' a 'GLfloat'; posible pérdida de datos
E:\Documentos\ProyectosLabCGIHC\P10-318304188\P10-318304188\Window.cpp(385,21): warning C4244: '=': conversión de 'double' a 'GLfloat'; posible pérdida de datos
  Generando código
  Previous IPDB not found, fall back to full compilation.
E:\Documentos\ProyectosLabCGIHC\P10-318304188\P10-318304188\Window.cpp(97): warning C4715: 'Window::Initialise': no todas las rutas de acceso de control devuelven un valor
  All 1469 functions were compiled because no usable IPDB/IOBJ from previous compilation was found.
  Generación de código finalizada
  P10-318304188.vcxproj -> E:\Documentos\ProyectosLabCGIHC\P10-318304188\Release\P10-318304188.exe
