C:\Program Files\Microsoft Visual Studio\2022\Community\MSBuild\Microsoft\VC\v170\Microsoft.CppBuild.targets(531,5): warning MSB8028: El directorio intermedio (Release\) contiene archivos compartidos de otro proyecto (P08-318304188.vcxproj). Esto puede dar lugar a un comportamiento incorrecto de limpieza y recompilación.
  Camera.cpp
  DirectionalLight.cpp
  Light.cpp
E:\Documentos\ProyectosLabCGIHC\P09-318304188\P09-318304188\DirectionalLight.cpp(18,14): warning C4244: 'argumento': conversión de 'GLfloat' a 'GLint'; posible pérdida de datos
E:\Documentos\ProyectosLabCGIHC\P09-318304188\P09-318304188\DirectionalLight.cpp(19,14): warning C4244: 'argumento': conversión de 'GLfloat' a 'GLint'; posible pérdida de datos
E:\Documentos\ProyectosLabCGIHC\P09-318304188\P09-318304188\DirectionalLight.cpp(21,14): warning C4244: 'argumento': conversión de 'GLfloat' a 'GLint'; posible pérdida de datos
E:\Documentos\ProyectosLabCGIHC\P09-318304188\P09-318304188\DirectionalLight.cpp(22,14): warning C4244: 'argumento': conversión de 'GLfloat' a 'GLint'; posible pérdida de datos
  Material.cpp
  Mesh_tn.cpp
  Model.cpp
E:\Documentos\ProyectosLabCGIHC\P09-318304188\P09-318304188\Model.cpp(16,10): warning C4477: 'printf' : la cadena de formato '%s' requiere un argumento de tipo 'char *', pero el argumento variádico 1 tiene el tipo 'const std::string'
E:\Documentos\ProyectosLabCGIHC\P09-318304188\P09-318304188\Model.cpp(16,80): warning C4474: "printf": se pasaron demasiados argumentos para la cadena de formato
E:\Documentos\ProyectosLabCGIHC\P09-318304188\P09-318304188\Model.cpp(51,7): warning C4804: '<': uso no seguro del tipo 'bool' en la operación
E:\Documentos\ProyectosLabCGIHC\P09-318304188\P09-318304188\Model.cpp(51,21): warning C4018: '<': no coinciden signed/unsigned
E:\Documentos\ProyectosLabCGIHC\P09-318304188\P09-318304188\Model.cpp(138,14): warning C4477: 'printf' : la cadena de formato '%s' requiere un argumento de tipo 'char *', pero el argumento variádico 1 tiene el tipo 'std::string'
E:\Documentos\ProyectosLabCGIHC\P09-318304188\P09-318304188\Model.cpp(147,14): warning C4477: 'printf' : la cadena de formato '%s' requiere un argumento de tipo 'char *', pero el argumento variádico 1 tiene el tipo 'std::string'
  PointLight.cpp
E:\Documentos\ProyectosLabCGIHC\P09-318304188\P09-318304188\PointLight.cpp(28,14): warning C4244: 'argumento': conversión de 'GLfloat' a 'GLint'; posible pérdida de datos
E:\Documentos\ProyectosLabCGIHC\P09-318304188\P09-318304188\PointLight.cpp(29,14): warning C4244: 'argumento': conversión de 'GLfloat' a 'GLint'; posible pérdida de datos
E:\Documentos\ProyectosLabCGIHC\P09-318304188\P09-318304188\PointLight.cpp(30,14): warning C4244: 'argumento': conversión de 'GLfloat' a 'GLint'; posible pérdida de datos
E:\Documentos\ProyectosLabCGIHC\P09-318304188\P09-318304188\PointLight.cpp(32,14): warning C4244: 'argumento': conversión de 'GLfloat' a 'GLint'; posible pérdida de datos
E:\Documentos\ProyectosLabCGIHC\P09-318304188\P09-318304188\PointLight.cpp(33,14): warning C4244: 'argumento': conversión de 'GLfloat' a 'GLint'; posible pérdida de datos
E:\Documentos\ProyectosLabCGIHC\P09-318304188\P09-318304188\PointLight.cpp(34,14): warning C4244: 'argumento': conversión de 'GLfloat' a 'GLint'; posible pérdida de datos
E:\Documentos\ProyectosLabCGIHC\P09-318304188\P09-318304188\PointLight.cpp(35,14): warning C4244: 'argumento': conversión de 'GLfloat' a 'GLint'; posible pérdida de datos
  P09-1-318304188.cpp
E:\Documentos\ProyectosLabCGIHC\P09-318304188\P09-318304188\Window.h(12,36): warning C4244: 'return': conversión de 'GLint' a 'GLfloat'; posible pérdida de datos
E:\Documentos\ProyectosLabCGIHC\P09-318304188\P09-318304188\Window.h(13,37): warning C4244: 'return': conversión de 'GLint' a 'GLfloat'; posible pérdida de datos
E:\Documentos\ProyectosLabCGIHC\P09-318304188\P09-318304188\P09-1-318304188.cpp(571,15): warning C4244: 'inicializando': conversión de 'double' a 'GLfloat'; posible pérdida de datos
E:\Documentos\ProyectosLabCGIHC\P09-318304188\P09-318304188\P09-1-318304188.cpp(573,33): warning C4244: '+=': conversión de 'double' a 'GLfloat'; posible pérdida de datos
E:\Documentos\ProyectosLabCGIHC\P09-318304188\P09-318304188\P09-1-318304188.cpp(576,22): warning C4244: '=': conversión de 'double' a 'float'; posible pérdida de datos
E:\Documentos\ProyectosLabCGIHC\P09-318304188\P09-318304188\P09-1-318304188.cpp(577,34): warning C4805: '==': combinación no segura del tipo 'GLboolean' y el tipo 'bool' en la operación
E:\Documentos\ProyectosLabCGIHC\P09-318304188\P09-318304188\P09-1-318304188.cpp(714,39): warning C4805: '==': combinación no segura del tipo 'GLboolean' y el tipo 'bool' en la operación
E:\Documentos\ProyectosLabCGIHC\P09-318304188\P09-318304188\P09-1-318304188.cpp(718,13): warning C4244: '=': conversión de 'float' a 'int'; posible pérdida de datos
E:\Documentos\ProyectosLabCGIHC\P09-318304188\P09-318304188\P09-1-318304188.cpp(768,44): warning C4805: '==': combinación no segura del tipo 'GLboolean' y el tipo 'bool' en la operación
E:\Documentos\ProyectosLabCGIHC\P09-318304188\P09-318304188\P09-1-318304188.cpp(1203,13): warning C4244: 'argumento': conversión de 'time_t' a 'unsigned int'; posible pérdida de datos
  Shader_light.cpp
E:\Documentos\ProyectosLabCGIHC\P09-318304188\P09-318304188\Shader_light.cpp(208,75): warning C4244: 'argumento': conversión de 'GLuint' a 'GLfloat'; posible pérdida de datos
E:\Documentos\ProyectosLabCGIHC\P09-318304188\P09-318304188\Shader_light.cpp(208,26): warning C4244: 'argumento': conversión de 'GLuint' a 'GLfloat'; posible pérdida de datos
E:\Documentos\ProyectosLabCGIHC\P09-318304188\P09-318304188\Shader_light.cpp(207,91): warning C4244: 'argumento': conversión de 'GLuint' a 'GLfloat'; posible pérdida de datos
E:\Documentos\ProyectosLabCGIHC\P09-318304188\P09-318304188\Shader_light.cpp(207,42): warning C4244: 'argumento': conversión de 'GLuint' a 'GLfloat'; posible pérdida de datos
E:\Documentos\ProyectosLabCGIHC\P09-318304188\P09-318304188\Shader_light.cpp(221,98): warning C4244: 'argumento': conversión de 'GLuint' a 'GLfloat'; posible pérdida de datos
E:\Documentos\ProyectosLabCGIHC\P09-318304188\P09-318304188\Shader_light.cpp(221,62): warning C4244: 'argumento': conversión de 'GLuint' a 'GLfloat'; posible pérdida de datos
E:\Documentos\ProyectosLabCGIHC\P09-318304188\P09-318304188\Shader_light.cpp(221,24): warning C4244: 'argumento': conversión de 'GLuint' a 'GLfloat'; posible pérdida de datos
E:\Documentos\ProyectosLabCGIHC\P09-318304188\P09-318304188\Shader_light.cpp(220,70): warning C4244: 'argumento': conversión de 'GLuint' a 'GLfloat'; posible pérdida de datos
E:\Documentos\ProyectosLabCGIHC\P09-318304188\P09-318304188\Shader_light.cpp(220,24): warning C4244: 'argumento': conversión de 'GLuint' a 'GLfloat'; posible pérdida de datos
E:\Documentos\ProyectosLabCGIHC\P09-318304188\P09-318304188\Shader_light.cpp(219,88): warning C4244: 'argumento': conversión de 'GLuint' a 'GLfloat'; posible pérdida de datos
E:\Documentos\ProyectosLabCGIHC\P09-318304188\P09-318304188\Shader_light.cpp(219,42): warning C4244: 'argumento': conversión de 'GLuint' a 'GLfloat'; posible pérdida de datos
  Skybox.cpp
  Sphere.cpp
E:\Documentos\ProyectosLabCGIHC\P09-318304188\P09-318304188\Sphere.cpp(39,13): warning C4244: 'inicializando': conversión de 'double' a 'float'; posible pérdida de datos
E:\Documentos\ProyectosLabCGIHC\P09-318304188\P09-318304188\Sphere.cpp(43,16): warning C4244: 'inicializando': conversión de 'double' a 'float'; posible pérdida de datos
  SpotLight.cpp
  Texture.cpp
  Window.cpp
E:\Documentos\ProyectosLabCGIHC\P09-318304188\P09-318304188\Window.h(12,36): warning C4244: 'return': conversión de 'GLint' a 'GLfloat'; posible pérdida de datos
E:\Documentos\ProyectosLabCGIHC\P09-318304188\P09-318304188\Window.h(13,37): warning C4244: 'return': conversión de 'GLint' a 'GLfloat'; posible pérdida de datos
E:\Documentos\ProyectosLabCGIHC\P09-318304188\P09-318304188\Window.cpp(304,22): warning C4244: '=': conversión de 'double' a 'GLfloat'; posible pérdida de datos
E:\Documentos\ProyectosLabCGIHC\P09-318304188\P09-318304188\Window.cpp(305,22): warning C4244: '=': conversión de 'double' a 'GLfloat'; posible pérdida de datos
E:\Documentos\ProyectosLabCGIHC\P09-318304188\P09-318304188\Window.cpp(309,28): warning C4244: '=': conversión de 'double' a 'GLfloat'; posible pérdida de datos
E:\Documentos\ProyectosLabCGIHC\P09-318304188\P09-318304188\Window.cpp(310,40): warning C4244: '=': conversión de 'double' a 'GLfloat'; posible pérdida de datos
E:\Documentos\ProyectosLabCGIHC\P09-318304188\P09-318304188\Window.cpp(312,21): warning C4244: '=': conversión de 'double' a 'GLfloat'; posible pérdida de datos
E:\Documentos\ProyectosLabCGIHC\P09-318304188\P09-318304188\Window.cpp(313,21): warning C4244: '=': conversión de 'double' a 'GLfloat'; posible pérdida de datos
  Generando código
  Previous IPDB not found, fall back to full compilation.
E:\Documentos\ProyectosLabCGIHC\P09-318304188\P09-318304188\Window.cpp(99): warning C4715: 'Window::Initialise': no todas las rutas de acceso de control devuelven un valor
  All 986 functions were compiled because no usable IPDB/IOBJ from previous compilation was found.
  Generación de código finalizada
  P09-318304188.vcxproj -> E:\Documentos\ProyectosLabCGIHC\P09-318304188\Release\P09-318304188.exe
